<?xml version="1.0" encoding="UTF-8"?>
<!-- Generated by org.testng.reporters.JUnitXMLReporter -->
<testsuite ignored="0" hostname="DESKTOP-0BH9N96" failures="0" tests="4" name="Acc Page Test" time="9.934" errors="0" timestamp="2024-03-23T05:45:58 IST">
  <testcase classname="org.qa.opencart.tests.AccountPageTest" name="accounPageTitleTest" time="0.009"/>
  <testcase classname="org.qa.opencart.tests.AccountPageTest" name="accounPageUrlTest" time="0.012"/>
  <testcase classname="org.qa.opencart.tests.AccountPageTest" name="logoutbtnExistanceTest" time="0.052"/>
  <testcase classname="org.qa.opencart.tests.AccountPageTest" name="myAccountHeaderExistanceTest" time="0.048"/>
</testsuite> <!-- Acc Page Test -->
