<?xml version="1.0" encoding="UTF-8"?>
<!-- Generated by org.testng.reporters.JUnitXMLReporter -->
<testsuite ignored="2" hostname="DESKTOP-0BH9N96" failures="0" tests="3" name="Login Page Test" time="17.344" errors="0" timestamp="2024-03-29T06:18:28 IST">
  <testcase classname="org.qa.opencart.tests.LoginTest" name="loginPageTitleTest" time="0.06"/>
  <testcase classname="org.qa.opencart.tests.LoginTest" name="loginPageUrlTest" time="0.024"/>
  <testcase classname="org.qa.opencart.tests.LoginTest" name="getloginTestExcelData" time="5.963"/>
  <testcase classname="org.qa.opencart.tests.LoginTest" name="getloginTest" time="0.0">
    <ignored/>
  </testcase> <!-- getloginTest -->
  <testcase classname="org.qa.opencart.tests.LoginTest" name="loginTest" time="0.0">
    <ignored/>
  </testcase> <!-- loginTest -->
</testsuite> <!-- Login Page Test -->
