<?xml version="1.0" encoding="UTF-8"?>
<!-- Generated by org.testng.reporters.JUnitXMLReporter -->
<testsuite ignored="2" hostname="DESKTOP-0BH9N96" failures="0" tests="3" name="Login Page Test" time="14.731" errors="0" timestamp="2024-03-23T06:40:43 IST">
  <testcase classname="org.qa.opencart.tests.LoginTest" name="loginPageTitleTest" time="0.026"/>
  <testcase classname="org.qa.opencart.tests.LoginTest" name="loginPageUrlTest" time="0.021"/>
  <testcase classname="org.qa.opencart.tests.LoginTest" name="getloginTestExcelData" time="6.621"/>
  <testcase classname="org.qa.opencart.tests.LoginTest" name="loginTest" time="0.0">
    <ignored/>
  </testcase> <!-- loginTest -->
  <testcase classname="org.qa.opencart.tests.LoginTest" name="getloginTest" time="0.0">
    <ignored/>
  </testcase> <!-- getloginTest -->
</testsuite> <!-- Login Page Test -->
