<?xml version="1.0" encoding="UTF-8"?>
<!-- Generated by org.testng.reporters.JUnitXMLReporter -->
<testsuite ignored="0" hostname="DESKTOP-0BH9N96" failures="0" tests="4" name="Account Page Test" time="6.401" errors="0" timestamp="2024-03-23T06:16:49 IST">
  <testcase classname="org.qa.opencart.tests.AccountPageTest" name="accounPageTitleTest" time="0.018"/>
  <testcase classname="org.qa.opencart.tests.AccountPageTest" name="accounPageUrlTest" time="0.007"/>
  <testcase classname="org.qa.opencart.tests.AccountPageTest" name="logoutbtnExistanceTest" time="0.088"/>
  <testcase classname="org.qa.opencart.tests.AccountPageTest" name="myAccountHeaderExistanceTest" time="0.054"/>
</testsuite> <!-- Account Page Test -->
