<?xml version="1.0" encoding="UTF-8"?>
<!-- Generated by org.testng.reporters.JUnitXMLReporter -->
<testsuite ignored="1" hostname="DESKTOP-0BH9N96" failures="0" tests="4" name="Login Page Test" time="19.81" errors="0" timestamp="2024-03-23T06:16:43 IST">
  <testcase classname="org.qa.opencart.tests.LoginTest" name="loginPageTitleTest" time="0.02"/>
  <testcase classname="org.qa.opencart.tests.LoginTest" name="loginPageUrlTest" time="0.011"/>
  <testcase classname="org.qa.opencart.tests.LoginTest" name="getloginTest" time="6.354"/>
  <testcase classname="org.qa.opencart.tests.LoginTest" name="getloginTest" time="6.221"/>
  <testcase classname="org.qa.opencart.tests.LoginTest" name="loginTest" time="0.0">
    <ignored/>
  </testcase> <!-- loginTest -->
</testsuite> <!-- Login Page Test -->
