<?xml version="1.0" encoding="UTF-8"?>
<testng-results ignored="0" total="7" passed="7" failed="0" skipped="0">
  <reporter-output>
  </reporter-output>
  <suite started-at="2024-03-23T06:40:28 IST" name="Opencart App Test Regression Suite" finished-at="2024-03-23T06:40:48 IST" duration-ms="20311">
    <groups>
    </groups>
    <test started-at="2024-03-23T06:40:28 IST" name="Login Page Test" finished-at="2024-03-23T06:40:43 IST" duration-ms="14731">
      <class name="org.qa.opencart.tests.LoginTest">
        <test-method is-config="true" signature="setup()[pri:0, instance:org.qa.opencart.tests.LoginTest@4722ef0c]" started-at="2024-03-23T06:40:28 IST" name="setup" finished-at="2024-03-23T06:40:34 IST" duration-ms="6258" status="PASS">
          <reporter-output>
          </reporter-output>
        </test-method> <!-- setup -->
        <test-method signature="loginPageTitleTest()[pri:0, instance:org.qa.opencart.tests.LoginTest@4722ef0c]" started-at="2024-03-23T06:40:34 IST" name="loginPageTitleTest" finished-at="2024-03-23T06:40:34 IST" duration-ms="26" status="PASS">
          <reporter-output>
          </reporter-output>
        </test-method> <!-- loginPageTitleTest -->
        <test-method signature="loginPageUrlTest()[pri:1, instance:org.qa.opencart.tests.LoginTest@4722ef0c]" started-at="2024-03-23T06:40:34 IST" name="loginPageUrlTest" finished-at="2024-03-23T06:40:34 IST" duration-ms="21" status="PASS">
          <reporter-output>
          </reporter-output>
        </test-method> <!-- loginPageUrlTest -->
        <test-method signature="getloginTestExcelData(java.lang.String,java.lang.String)[pri:2, instance:org.qa.opencart.tests.LoginTest@4722ef0c]" started-at="2024-03-23T06:40:35 IST" name="getloginTestExcelData" data-provider="getLoginTestExcelData" finished-at="2024-03-23T06:40:42 IST" duration-ms="6621" status="PASS">
          <params>
            <param index="0">
              <value>
                <![CDATA[FebBatch2024@opencart.com]]>
              </value>
            </param>
            <param index="1">
              <value>
                <![CDATA[123456]]>
              </value>
            </param>
          </params>
          <reporter-output>
          </reporter-output>
        </test-method> <!-- getloginTestExcelData -->
        <test-method is-config="true" signature="tearDown()[pri:0, instance:org.qa.opencart.tests.LoginTest@4722ef0c]" started-at="2024-03-23T06:40:42 IST" name="tearDown" finished-at="2024-03-23T06:40:43 IST" duration-ms="538" status="PASS">
          <reporter-output>
          </reporter-output>
        </test-method> <!-- tearDown -->
      </class> <!-- org.qa.opencart.tests.LoginTest -->
    </test> <!-- Login Page Test -->
    <test started-at="2024-03-23T06:40:43 IST" name="Account Page Test" finished-at="2024-03-23T06:40:48 IST" duration-ms="5466">
      <class name="org.qa.opencart.tests.AccountPageTest">
        <test-method is-config="true" signature="setup()[pri:0, instance:org.qa.opencart.tests.AccountPageTest@6a4f1a55]" started-at="2024-03-23T06:40:43 IST" name="setup" finished-at="2024-03-23T06:40:46 IST" duration-ms="3210" status="PASS">
          <reporter-output>
          </reporter-output>
        </test-method> <!-- setup -->
        <test-method is-config="true" signature="accPageSetup()[pri:0, instance:org.qa.opencart.tests.AccountPageTest@6a4f1a55]" started-at="2024-03-23T06:40:46 IST" name="accPageSetup" finished-at="2024-03-23T06:40:47 IST" duration-ms="1528" status="PASS">
          <reporter-output>
          </reporter-output>
        </test-method> <!-- accPageSetup -->
        <test-method signature="accounPageTitleTest()[pri:0, instance:org.qa.opencart.tests.AccountPageTest@6a4f1a55]" started-at="2024-03-23T06:40:47 IST" name="accounPageTitleTest" finished-at="2024-03-23T06:40:48 IST" duration-ms="29" status="PASS">
          <reporter-output>
          </reporter-output>
        </test-method> <!-- accounPageTitleTest -->
        <test-method signature="accounPageUrlTest()[pri:0, instance:org.qa.opencart.tests.AccountPageTest@6a4f1a55]" started-at="2024-03-23T06:40:48 IST" name="accounPageUrlTest" finished-at="2024-03-23T06:40:48 IST" duration-ms="12" status="PASS">
          <reporter-output>
          </reporter-output>
        </test-method> <!-- accounPageUrlTest -->
        <test-method signature="logoutbtnExistanceTest()[pri:0, instance:org.qa.opencart.tests.AccountPageTest@6a4f1a55]" started-at="2024-03-23T06:40:48 IST" name="logoutbtnExistanceTest" finished-at="2024-03-23T06:40:48 IST" duration-ms="104" status="PASS">
          <reporter-output>
          </reporter-output>
        </test-method> <!-- logoutbtnExistanceTest -->
        <test-method signature="myAccountHeaderExistanceTest()[pri:0, instance:org.qa.opencart.tests.AccountPageTest@6a4f1a55]" started-at="2024-03-23T06:40:48 IST" name="myAccountHeaderExistanceTest" finished-at="2024-03-23T06:40:48 IST" duration-ms="59" status="PASS">
          <reporter-output>
          </reporter-output>
        </test-method> <!-- myAccountHeaderExistanceTest -->
        <test-method is-config="true" signature="tearDown()[pri:0, instance:org.qa.opencart.tests.AccountPageTest@6a4f1a55]" started-at="2024-03-23T06:40:48 IST" name="tearDown" finished-at="2024-03-23T06:40:48 IST" duration-ms="500" status="PASS">
          <reporter-output>
          </reporter-output>
        </test-method> <!-- tearDown -->
      </class> <!-- org.qa.opencart.tests.AccountPageTest -->
    </test> <!-- Account Page Test -->
  </suite> <!-- Opencart App Test Regression Suite -->
</testng-results>
